Starting the development server...

Failed to compile.

[eslint] 
src\components\Customer\VehicleSelection.js
  Line 316:1:  Expected an assignment or function call and instead saw an expression  no-unused-expressions
  Line 316:1:  'd' is not defined                                                     no-undef

Search for the keywords to learn more about each error.
[1m[33mWARNING[39m[22m in [1m[eslint] 
src\components\Admin\Dashboard.js
  Line 141:67:  React Hook useEffect has missing dependencies: 'activeTab' and 'fetchUsers'. Either include them or remove the dependency array  react-hooks/exhaustive-deps

src\components\Customer\VehicleSelection.js
  Line 4:8:  'GlobalBackButton' is defined but never used  no-unused-vars

[39m[22m

[1m[31mERROR[39m[22m in [1m[eslint] 
src\components\Customer\VehicleSelection.js
  Line 316:1:  Expected an assignment or function call and instead saw an expression  no-unused-expressions
  Line 316:1:  'd' is not defined                                                     no-undef

Search for the keywords to learn more about each [1m[31merror[39m[22m[1m.[39m[22m

webpack compiled with [1m[31m1 error[39m[22m and [1m[33m1 warning[39m[22m
Compiling...
Compiled with warnings.

[eslint] 
src\components\Admin\Dashboard.js
  Line 141:67:  React Hook useEffect has missing dependencies: 'activeTab' and 'fetchUsers'. Either include them or remove the dependency array  react-hooks/exhaustive-deps

src\components\Customer\VehicleSelection.js
  Line 4:8:  'GlobalBackButton' is defined but never used  no-unused-vars

Search for the keywords to learn more about each warning.
To ignore, add // eslint-disable-next-line to the line before.

[1m[33mWARNING[39m[22m in [1m[eslint] 
src\components\Admin\Dashboard.js
  Line 141:67:  React Hook useEffect has missing dependencies: 'activeTab' and 'fetchUsers'. Either include them or remove the dependency array  react-hooks/exhaustive-deps

src\components\Customer\VehicleSelection.js
  Line 4:8:  'GlobalBackButton' is defined but never used  no-unused-vars

[39m[22m

webpack compiled with [1m[33m1 warning[39m[22m
